16-Sep-25 06:44:43 - AutomationLogger - INFO - ************** Test_003_add customer **************
16-Sep-25 06:44:45 - AutomationLogger - INFO - ************** Successfully logged in **************
16-Sep-25 06:44:45 - AutomationLogger - INFO - *************** Add a new customer ***************
16-Sep-25 07:00:25 - AutomationLogger - INFO - ************** Test_003_add customer **************
16-Sep-25 07:00:28 - AutomationLogger - INFO - ************** Successfully logged in **************
16-Sep-25 07:00:28 - AutomationLogger - INFO - *************** Add a new customer ***************
16-Sep-25 07:00:31 - AutomationLogger - INFO - *************** Providing to new customer add page **************
16-Sep-25 07:05:34 - AutomationLogger - INFO - ************** Test_003_add customer **************
16-Sep-25 07:05:38 - AutomationLogger - INFO - ************** Successfully logged in **************
16-Sep-25 07:05:38 - AutomationLogger - INFO - *************** Add a new customer ***************
16-Sep-25 07:05:41 - AutomationLogger - INFO - *************** Providing to new customer add page **************
16-Sep-25 07:10:38 - AutomationLogger - INFO - ************** Test_003_add customer **************
16-Sep-25 07:10:41 - AutomationLogger - INFO - ************** Successfully logged in **************
16-Sep-25 07:10:41 - AutomationLogger - INFO - *************** Add a new customer ***************
16-Sep-25 07:10:43 - AutomationLogger - INFO - *************** Providing to new customer add page **************
16-Sep-25 07:13:17 - AutomationLogger - INFO - ************** Test_003_add customer **************
16-Sep-25 07:13:20 - AutomationLogger - INFO - ************** Successfully logged in **************
16-Sep-25 07:13:20 - AutomationLogger - INFO - *************** Add a new customer ***************
16-Sep-25 07:15:24 - AutomationLogger - INFO - ************** Test_003_add customer **************
16-Sep-25 07:15:27 - AutomationLogger - INFO - ************** Successfully logged in **************
16-Sep-25 07:15:27 - AutomationLogger - INFO - *************** Add a new customer ***************
16-Sep-25 07:17:40 - AutomationLogger - INFO - ************** Test_003_add customer **************
16-Sep-25 07:17:43 - AutomationLogger - INFO - ************** Successfully logged in **************
16-Sep-25 07:17:43 - AutomationLogger - INFO - *************** Add a new customer ***************
16-Sep-25 07:20:10 - AutomationLogger - INFO - ************** Test_003_add customer **************
16-Sep-25 07:20:13 - AutomationLogger - INFO - ************** Successfully logged in **************
16-Sep-25 07:20:13 - AutomationLogger - INFO - *************** Add a new customer ***************
16-Sep-25 07:26:35 - AutomationLogger - INFO - ************** Test_003_add customer **************
16-Sep-25 07:26:37 - AutomationLogger - INFO - ************** Successfully logged in **************
16-Sep-25 07:26:37 - AutomationLogger - INFO - *************** Add a new customer ***************
16-Sep-25 07:28:53 - AutomationLogger - INFO - ************** Test_003_add customer **************
16-Sep-25 07:28:55 - AutomationLogger - INFO - ************** Successfully logged in **************
16-Sep-25 07:28:55 - AutomationLogger - INFO - *************** Add a new customer ***************
16-Sep-25 07:28:59 - AutomationLogger - INFO - *************** Providing to new customer add page **************
16-Sep-25 07:30:45 - AutomationLogger - INFO - ************** Test_003_add customer **************
16-Sep-25 07:30:48 - AutomationLogger - INFO - ************** Successfully logged in **************
16-Sep-25 07:30:48 - AutomationLogger - INFO - *************** Add a new customer ***************
16-Sep-25 07:30:51 - AutomationLogger - INFO - *************** Providing to new customer add page **************
16-Sep-25 07:39:44 - AutomationLogger - INFO - ************** Test_003_add customer **************
16-Sep-25 07:39:47 - AutomationLogger - INFO - ************** Successfully logged in **************
16-Sep-25 07:39:47 - AutomationLogger - INFO - *************** Add a new customer ***************
16-Sep-25 07:39:51 - AutomationLogger - INFO - *************** Providing to new customer add page **************
16-Sep-25 07:48:54 - AutomationLogger - INFO - ************** Test_003_add customer **************
16-Sep-25 07:48:57 - AutomationLogger - INFO - ************** Successfully logged in **************
16-Sep-25 07:48:57 - AutomationLogger - INFO - *************** Add a new customer ***************
16-Sep-25 07:49:01 - AutomationLogger - INFO - *************** Providing to new customer add page **************
16-Sep-25 07:50:37 - AutomationLogger - INFO - ************** Test_003_add customer **************
16-Sep-25 07:50:40 - AutomationLogger - INFO - ************** Successfully logged in **************
16-Sep-25 07:50:40 - AutomationLogger - INFO - *************** Add a new customer ***************
16-Sep-25 07:50:44 - AutomationLogger - INFO - *************** Providing to new customer add page **************
16-Sep-25 07:51:55 - AutomationLogger - INFO - *************** Successfully added new customer **************
16-Sep-25 07:53:16 - AutomationLogger - INFO - ************** Test_003_add customer **************
16-Sep-25 07:53:18 - AutomationLogger - INFO - ************** Successfully logged in **************
16-Sep-25 07:53:18 - AutomationLogger - INFO - *************** Add a new customer ***************
16-Sep-25 07:53:22 - AutomationLogger - INFO - *************** Providing to new customer add page **************
16-Sep-25 07:57:45 - AutomationLogger - INFO - ************** Test_003_add customer **************
16-Sep-25 07:57:48 - AutomationLogger - INFO - ************** Successfully logged in **************
16-Sep-25 07:57:48 - AutomationLogger - INFO - *************** Add a new customer ***************
16-Sep-25 07:57:52 - AutomationLogger - INFO - *************** Providing to new customer add page **************
16-Sep-25 08:01:19 - AutomationLogger - INFO - ************** Test_003_add customer **************
16-Sep-25 08:01:22 - AutomationLogger - INFO - ************** Successfully logged in **************
16-Sep-25 08:01:22 - AutomationLogger - INFO - *************** Add a new customer ***************
16-Sep-25 08:01:26 - AutomationLogger - INFO - *************** Providing to new customer add page **************
16-Sep-25 08:05:14 - AutomationLogger - INFO - ************** Test_003_add customer **************
16-Sep-25 08:05:17 - AutomationLogger - INFO - ************** Successfully logged in **************
16-Sep-25 08:05:17 - AutomationLogger - INFO - *************** Add a new customer ***************
16-Sep-25 08:05:20 - AutomationLogger - INFO - *************** Providing to new customer add page **************
16-Sep-25 08:09:14 - AutomationLogger - INFO - ************** Test_003_add customer **************
16-Sep-25 08:09:18 - AutomationLogger - INFO - ************** Successfully logged in **************
16-Sep-25 08:09:18 - AutomationLogger - INFO - *************** Add a new customer ***************
16-Sep-25 08:09:21 - AutomationLogger - INFO - *************** Providing to new customer add page **************
16-Sep-25 08:12:59 - AutomationLogger - INFO - ************** Test_003_add customer **************
16-Sep-25 08:13:02 - AutomationLogger - INFO - ************** Successfully logged in **************
16-Sep-25 08:13:02 - AutomationLogger - INFO - *************** Add a new customer ***************
16-Sep-25 08:13:06 - AutomationLogger - INFO - *************** Providing to new customer add page **************
16-Sep-25 08:13:22 - AutomationLogger - INFO - *************** Successfully added new customer **************
16-Sep-25 08:17:17 - AutomationLogger - INFO - ************** Test_003_add customer **************
16-Sep-25 08:17:19 - AutomationLogger - INFO - ************** Successfully logged in **************
16-Sep-25 08:17:19 - AutomationLogger - INFO - *************** Add a new customer ***************
16-Sep-25 08:17:23 - AutomationLogger - INFO - *************** Providing to new customer add page **************
16-Sep-25 08:17:39 - AutomationLogger - INFO - *************** Successfully added new customer **************
16-Sep-25 08:22:00 - AutomationLogger - INFO - ************** Test_003_add customer **************
16-Sep-25 08:22:03 - AutomationLogger - INFO - ************** Successfully logged in **************
16-Sep-25 08:22:03 - AutomationLogger - INFO - *************** Add a new customer ***************
16-Sep-25 08:24:52 - AutomationLogger - INFO - ************** Test_003_add customer **************
16-Sep-25 08:24:54 - AutomationLogger - INFO - ************** Successfully logged in **************
16-Sep-25 08:24:54 - AutomationLogger - INFO - *************** Navigating to Add Customer Page ***************
16-Sep-25 08:28:00 - AutomationLogger - INFO - ************** Test_003_add customer **************
16-Sep-25 08:28:03 - AutomationLogger - INFO - ************** Successfully logged in **************
16-Sep-25 08:28:03 - AutomationLogger - INFO - *************** Navigating to Add Customer Page ***************
16-Sep-25 08:31:01 - AutomationLogger - INFO - ************** Test_003_add customer **************
16-Sep-25 08:31:04 - AutomationLogger - INFO - ************** Successfully logged in **************
16-Sep-25 08:31:04 - AutomationLogger - INFO - *************** Navigating to Add Customer Page ***************
16-Sep-25 08:33:53 - AutomationLogger - INFO - ************** Test_003_add customer **************
16-Sep-25 08:33:56 - AutomationLogger - INFO - ************** Successfully logged in **************
16-Sep-25 08:33:56 - AutomationLogger - INFO - *************** Navigating to Add Customer Page ***************
16-Sep-25 08:47:56 - AutomationLogger - INFO - ************** Test_003_Add Customer **************
16-Sep-25 08:47:59 - AutomationLogger - INFO - ************** Successfully logged in **************
16-Sep-25 08:51:27 - AutomationLogger - INFO - ************** Test_003_Add Customer **************
16-Sep-25 08:51:30 - AutomationLogger - INFO - ************** Successfully logged in **************
16-Sep-25 08:51:34 - AutomationLogger - INFO - *************** Navigated to Add Customer Page ***************
16-Sep-25 08:51:38 - AutomationLogger - INFO - *************** Successfully added new customer ***************
16-Sep-25 08:51:59 - AutomationLogger - INFO - ************** Test_002_login **************
16-Sep-25 08:52:02 - AutomationLogger - INFO - **************** Login Successful **************
16-Sep-25 08:52:08 - AutomationLogger - INFO - **************** Login Failed **************
16-Sep-25 08:52:13 - AutomationLogger - INFO - **************** Login successful **************
16-Sep-25 08:52:16 - AutomationLogger - WARNING - Logout button not found, skipping logout.
16-Sep-25 08:52:16 - AutomationLogger - INFO - **************** Login successful **************
16-Sep-25 08:52:19 - AutomationLogger - WARNING - Logout button not found, skipping logout.
16-Sep-25 08:52:19 - AutomationLogger - INFO - **************** Login DDT IS SUCCESSFUL **************
16-Sep-25 08:52:22 - AutomationLogger - INFO - **************** end of ddt IS SUCCESSFUL **************
16-Sep-25 08:52:40 - AutomationLogger - INFO - ************** Test_001_homepage_title **************
16-Sep-25 08:52:40 - AutomationLogger - INFO - ************** Verifying homepage_title **************
16-Sep-25 08:52:40 - AutomationLogger - INFO - ************** Successfully logged in **************
16-Sep-25 08:52:45 - AutomationLogger - INFO - ************** Test_001_login **************
16-Sep-25 08:52:48 - AutomationLogger - INFO - **************** Successfully logged in **************
16-Sep-25 08:53:22 - AutomationLogger - INFO - ************** Test_003_Add Customer **************
16-Sep-25 08:53:24 - AutomationLogger - INFO - ************** Successfully logged in **************
16-Sep-25 08:53:28 - AutomationLogger - INFO - *************** Navigated to Add Customer Page ***************
16-Sep-25 08:53:31 - AutomationLogger - INFO - *************** Successfully added new customer ***************
16-Sep-25 08:58:17 - AutomationLogger - INFO - ************** Test_003_Add Customer **************
16-Sep-25 08:58:20 - AutomationLogger - INFO - ************** Successfully logged in **************
16-Sep-25 08:58:24 - AutomationLogger - INFO - *************** Navigated to Add Customer Page ***************
16-Sep-25 08:58:28 - AutomationLogger - INFO - *************** Successfully added new customer ***************
16-Sep-25 09:04:26 - AutomationLogger - INFO - ************** Test_003_Add Customer **************
16-Sep-25 09:04:30 - AutomationLogger - INFO - ************** Successfully logged in **************
16-Sep-25 09:04:34 - AutomationLogger - INFO - *************** Navigated to Add Customer Page ***************
16-Sep-25 09:04:38 - AutomationLogger - INFO - *************** Successfully added new customer ***************
16-Sep-25 11:57:09 - AutomationLogger - INFO - ************** Test_003_Add Customer **************
16-Sep-25 11:57:12 - AutomationLogger - INFO - ************** Successfully logged in **************
16-Sep-25 11:57:15 - AutomationLogger - INFO - *************** Navigated to Add Customer Page ***************
16-Sep-25 11:57:19 - AutomationLogger - INFO - *************** Successfully added new customer ***************
16-Sep-25 12:43:18 - AutomationLogger - INFO - ************** Test_003_Add Customer **************
16-Sep-25 12:43:20 - AutomationLogger - INFO - ************** Successfully logged in **************
16-Sep-25 12:43:26 - AutomationLogger - INFO - *************** Navigated to Add Customer Page ***************
16-Sep-25 12:47:31 - AutomationLogger - INFO - ************** Test_003_Add Customer **************
16-Sep-25 12:47:33 - AutomationLogger - INFO - ************** Successfully logged in **************
16-Sep-25 12:47:38 - AutomationLogger - INFO - *************** Navigated to Add Customer Page ***************
16-Sep-25 13:01:16 - AutomationLogger - INFO - ************** Test_003_Add Customer **************
16-Sep-25 13:01:19 - AutomationLogger - INFO - ************** Successfully logged in **************
16-Sep-25 13:01:23 - AutomationLogger - INFO - *************** Navigated to Add Customer Page ***************
16-Sep-25 13:09:55 - AutomationLogger - INFO - ************** Test_003_Add Customer **************
16-Sep-25 13:09:58 - AutomationLogger - INFO - ************** Successfully logged in **************
16-Sep-25 13:10:02 - AutomationLogger - INFO - *************** Navigated to Add Customer Page ***************
16-Sep-25 13:10:09 - AutomationLogger - INFO - Successfully added the new customer successfully.
16-Sep-25 15:49:21 - AutomationLogger - INFO - ************** Test_003_Add Customer **************
16-Sep-25 15:49:23 - AutomationLogger - INFO - ************** Successfully logged in **************
16-Sep-25 15:49:25 - AutomationLogger - INFO - *************** Successfully opened Customer Menu ***************
16-Sep-25 15:56:11 - AutomationLogger - INFO - ************** Test_003_Add Customer **************
16-Sep-25 15:56:13 - AutomationLogger - INFO - ************** Successfully logged in **************
16-Sep-25 15:56:16 - AutomationLogger - INFO - *************** Successfully opened Customer Menu ***************
16-Sep-25 15:56:20 - AutomationLogger - INFO - *************** Successfully searchbyemailid ***************
16-Sep-25 16:03:00 - AutomationLogger - INFO - ************** Test_005_search Customer by mailid**************
16-Sep-25 16:03:02 - AutomationLogger - INFO - ************** Successfully logged in **************
16-Sep-25 16:03:04 - AutomationLogger - INFO - *************** Successfully opened Customer Menu ***************
16-Sep-25 16:03:09 - AutomationLogger - INFO - *************** Successfully search bye mailid ***************
16-Sep-25 16:03:29 - AutomationLogger - INFO - ************** Test_006_search Customer by name**************
16-Sep-25 16:03:32 - AutomationLogger - INFO - ************** Successfully logged in **************
16-Sep-25 16:03:34 - AutomationLogger - INFO - *************** Successfully opened Customer Menu ***************
16-Sep-25 16:09:26 - AutomationLogger - INFO - ************** Test_006_search Customer by name**************
16-Sep-25 16:09:29 - AutomationLogger - INFO - ************** Successfully logged in **************
16-Sep-25 16:09:32 - AutomationLogger - INFO - *************** Successfully opened Customer Menu ***************
16-Sep-25 16:12:05 - AutomationLogger - INFO - ************** Test_006_search Customer by name**************
16-Sep-25 16:12:09 - AutomationLogger - INFO - ************** Successfully logged in **************
16-Sep-25 16:12:11 - AutomationLogger - INFO - *************** Successfully opened Customer Menu ***************
16-Sep-25 16:15:25 - AutomationLogger - INFO - ************** Test_006_search Customer by name**************
16-Sep-25 16:15:28 - AutomationLogger - INFO - ************** Successfully logged in **************
16-Sep-25 16:15:31 - AutomationLogger - INFO - *************** Successfully opened Customer Menu ***************
16-Sep-25 16:20:34 - AutomationLogger - INFO - ************** Test_006_search Customer by name**************
16-Sep-25 16:20:37 - AutomationLogger - INFO - ************** Successfully logged in **************
16-Sep-25 16:20:39 - AutomationLogger - INFO - *************** Successfully opened Customer Menu ***************
16-Sep-25 16:23:08 - AutomationLogger - INFO - ************** Test_006_search Customer by name**************
16-Sep-25 16:23:11 - AutomationLogger - INFO - ************** Successfully logged in **************
16-Sep-25 16:23:14 - AutomationLogger - INFO - *************** Successfully opened Customer Menu ***************
17-Sep-25 07:07:43 - AutomationLogger - INFO - ************** Test_003_Add Customer **************
17-Sep-25 07:07:46 - AutomationLogger - INFO - ************** Successfully logged in **************
17-Sep-25 07:07:50 - AutomationLogger - INFO - *************** Navigated to Add Customer Page ***************
17-Sep-25 07:07:57 - AutomationLogger - INFO - Successfully added the new customer successfully.
17-Sep-25 07:08:18 - AutomationLogger - INFO - ************** Test_002_login **************
17-Sep-25 07:08:21 - AutomationLogger - INFO - **************** Login Successful **************
17-Sep-25 07:08:28 - AutomationLogger - INFO - **************** Login Failed **************
17-Sep-25 07:08:33 - AutomationLogger - INFO - **************** Login successful **************
17-Sep-25 07:08:36 - AutomationLogger - WARNING - Logout button not found, skipping logout.
17-Sep-25 07:08:37 - AutomationLogger - INFO - **************** Login successful **************
17-Sep-25 07:08:40 - AutomationLogger - WARNING - Logout button not found, skipping logout.
17-Sep-25 07:08:40 - AutomationLogger - INFO - **************** Login DDT IS SUCCESSFUL **************
17-Sep-25 07:08:43 - AutomationLogger - INFO - **************** end of ddt IS SUCCESSFUL **************
17-Sep-25 07:09:01 - AutomationLogger - INFO - ************** Test_001_homepage_title **************
17-Sep-25 07:09:01 - AutomationLogger - INFO - ************** Verifying homepage_title **************
17-Sep-25 07:09:03 - AutomationLogger - INFO - ************** Successfully logged in **************
17-Sep-25 07:09:07 - AutomationLogger - INFO - ************** Test_001_login **************
17-Sep-25 07:09:10 - AutomationLogger - INFO - **************** Successfully logged in **************
17-Sep-25 07:09:15 - AutomationLogger - INFO - ************** Test_005_search Customer by mailid**************
17-Sep-25 07:09:18 - AutomationLogger - INFO - ************** Successfully logged in **************
17-Sep-25 07:09:20 - AutomationLogger - INFO - *************** Successfully opened Customer Menu ***************
17-Sep-25 07:09:25 - AutomationLogger - INFO - *************** Successfully search bye mailid ***************
17-Sep-25 07:12:41 - AutomationLogger - INFO - ************** Test_003_Add Customer **************
17-Sep-25 07:12:45 - AutomationLogger - INFO - ************** Successfully logged in **************
17-Sep-25 07:12:50 - AutomationLogger - INFO - *************** Navigated to Add Customer Page ***************
17-Sep-25 07:12:56 - AutomationLogger - INFO - Successfully added the new customer successfully.
17-Sep-25 07:13:17 - AutomationLogger - INFO - ************** Test_002_login **************
17-Sep-25 07:13:21 - AutomationLogger - INFO - **************** Login Successful **************
17-Sep-25 07:13:27 - AutomationLogger - INFO - **************** Login Failed **************
17-Sep-25 07:13:33 - AutomationLogger - INFO - **************** Login successful **************
17-Sep-25 07:13:36 - AutomationLogger - WARNING - Logout button not found, skipping logout.
17-Sep-25 07:13:36 - AutomationLogger - INFO - **************** Login successful **************
17-Sep-25 07:13:39 - AutomationLogger - WARNING - Logout button not found, skipping logout.
17-Sep-25 07:13:39 - AutomationLogger - INFO - **************** Login DDT IS SUCCESSFUL **************
17-Sep-25 07:13:44 - AutomationLogger - INFO - **************** end of ddt IS SUCCESSFUL **************
17-Sep-25 07:14:02 - AutomationLogger - INFO - ************** Test_001_homepage_title **************
17-Sep-25 07:14:02 - AutomationLogger - INFO - ************** Verifying homepage_title **************
17-Sep-25 07:14:04 - AutomationLogger - INFO - ************** Successfully logged in **************
17-Sep-25 07:14:08 - AutomationLogger - INFO - ************** Test_001_login **************
17-Sep-25 07:14:12 - AutomationLogger - INFO - **************** Successfully logged in **************
17-Sep-25 07:14:17 - AutomationLogger - INFO - ************** Test_005_search Customer by mailid**************
17-Sep-25 07:14:20 - AutomationLogger - INFO - ************** Successfully logged in **************
17-Sep-25 07:14:22 - AutomationLogger - INFO - *************** Successfully opened Customer Menu ***************
17-Sep-25 07:14:28 - AutomationLogger - INFO - *************** Successfully search bye mailid ***************
17-Sep-25 07:28:47 - AutomationLogger - INFO - ************** Test_003_Add Customer **************
17-Sep-25 07:28:50 - AutomationLogger - INFO - ************** Successfully logged in **************
17-Sep-25 07:28:53 - AutomationLogger - INFO - *************** Navigated to Add Customer Page ***************
17-Sep-25 07:28:57 - AutomationLogger - INFO - Successfully added the new customer successfully.
17-Sep-25 07:29:17 - AutomationLogger - INFO - ************** Test_002_login **************
17-Sep-25 07:29:21 - AutomationLogger - INFO - **************** Login Successful **************
17-Sep-25 07:29:27 - AutomationLogger - INFO - **************** Login Failed **************
17-Sep-25 07:29:32 - AutomationLogger - INFO - **************** Login successful **************
17-Sep-25 07:29:35 - AutomationLogger - WARNING - Logout button not found, skipping logout.
17-Sep-25 07:29:35 - AutomationLogger - INFO - **************** Login successful **************
17-Sep-25 07:29:38 - AutomationLogger - WARNING - Logout button not found, skipping logout.
17-Sep-25 07:29:38 - AutomationLogger - INFO - **************** Login DDT IS SUCCESSFUL **************
17-Sep-25 07:29:41 - AutomationLogger - INFO - **************** end of ddt IS SUCCESSFUL **************
17-Sep-25 07:29:58 - AutomationLogger - INFO - ************** Test_001_homepage_title **************
17-Sep-25 07:29:58 - AutomationLogger - INFO - ************** Verifying homepage_title **************
17-Sep-25 07:29:59 - AutomationLogger - INFO - ************** Successfully logged in **************
17-Sep-25 07:30:03 - AutomationLogger - INFO - ************** Test_001_login **************
17-Sep-25 07:30:05 - AutomationLogger - INFO - **************** Successfully logged in **************
17-Sep-25 07:30:09 - AutomationLogger - INFO - ************** Test_005_search Customer by mailid**************
17-Sep-25 07:30:12 - AutomationLogger - INFO - ************** Successfully logged in **************
17-Sep-25 07:30:14 - AutomationLogger - INFO - *************** Successfully opened Customer Menu ***************
17-Sep-25 07:30:19 - AutomationLogger - INFO - *************** Successfully search bye mailid ***************
17-Sep-25 07:32:24 - AutomationLogger - INFO - ************** Test_003_Add Customer **************
17-Sep-25 07:32:27 - AutomationLogger - INFO - ************** Successfully logged in **************
17-Sep-25 07:32:31 - AutomationLogger - INFO - *************** Navigated to Add Customer Page ***************
17-Sep-25 07:32:34 - AutomationLogger - INFO - Successfully added the new customer successfully.
17-Sep-25 07:32:55 - AutomationLogger - INFO - ************** Test_002_login **************
17-Sep-25 07:32:58 - AutomationLogger - INFO - **************** Login Successful **************
17-Sep-25 07:33:04 - AutomationLogger - INFO - **************** Login Failed **************
17-Sep-25 07:33:08 - AutomationLogger - INFO - **************** Login successful **************
17-Sep-25 07:33:11 - AutomationLogger - WARNING - Logout button not found, skipping logout.
17-Sep-25 07:33:12 - AutomationLogger - INFO - **************** Login successful **************
17-Sep-25 07:33:15 - AutomationLogger - WARNING - Logout button not found, skipping logout.
17-Sep-25 07:33:15 - AutomationLogger - INFO - **************** Login DDT IS SUCCESSFUL **************
17-Sep-25 07:33:18 - AutomationLogger - INFO - **************** end of ddt IS SUCCESSFUL **************
17-Sep-25 07:33:36 - AutomationLogger - INFO - ************** Test_001_homepage_title **************
17-Sep-25 07:33:36 - AutomationLogger - INFO - ************** Verifying homepage_title **************
17-Sep-25 07:33:36 - AutomationLogger - INFO - ************** Successfully logged in **************
17-Sep-25 07:33:40 - AutomationLogger - INFO - ************** Test_001_login **************
17-Sep-25 07:33:43 - AutomationLogger - INFO - **************** Successfully logged in **************
17-Sep-25 07:33:46 - AutomationLogger - INFO - ************** Test_005_search Customer by mailid**************
17-Sep-25 07:33:49 - AutomationLogger - INFO - ************** Successfully logged in **************
17-Sep-25 07:33:52 - AutomationLogger - INFO - *************** Successfully opened Customer Menu ***************
17-Sep-25 07:33:56 - AutomationLogger - INFO - *************** Successfully search bye mailid ***************
17-Sep-25 07:36:46 - AutomationLogger - INFO - ************** Test_003_Add Customer **************
17-Sep-25 07:36:50 - AutomationLogger - INFO - ************** Successfully logged in **************
17-Sep-25 07:36:53 - AutomationLogger - INFO - *************** Navigated to Add Customer Page ***************
17-Sep-25 07:36:57 - AutomationLogger - INFO - Successfully added the new customer successfully.
17-Sep-25 07:37:17 - AutomationLogger - INFO - ************** Test_002_login **************
17-Sep-25 07:37:20 - AutomationLogger - INFO - **************** Login Successful **************
17-Sep-25 07:37:24 - AutomationLogger - INFO - **************** Login successful **************
17-Sep-25 07:37:29 - AutomationLogger - INFO - **************** Login successful **************
17-Sep-25 07:37:32 - AutomationLogger - WARNING - Logout button not found, skipping logout.
17-Sep-25 07:37:33 - AutomationLogger - INFO - **************** Login successful **************
17-Sep-25 07:37:36 - AutomationLogger - WARNING - Logout button not found, skipping logout.
17-Sep-25 07:37:36 - AutomationLogger - INFO - **************** Login DDT IS SUCCESSFUL **************
17-Sep-25 07:37:38 - AutomationLogger - INFO - **************** end of ddt IS SUCCESSFUL **************
17-Sep-25 07:37:57 - AutomationLogger - INFO - ************** Test_001_homepage_title **************
17-Sep-25 07:37:57 - AutomationLogger - INFO - ************** Verifying homepage_title **************
17-Sep-25 07:37:57 - AutomationLogger - INFO - ************** Successfully logged in **************
17-Sep-25 07:38:01 - AutomationLogger - INFO - ************** Test_001_login **************
17-Sep-25 07:38:04 - AutomationLogger - INFO - **************** Successfully logged in **************
17-Sep-25 07:38:08 - AutomationLogger - INFO - ************** Test_005_search Customer by mailid**************
17-Sep-25 07:38:10 - AutomationLogger - INFO - ************** Successfully logged in **************
17-Sep-25 07:38:12 - AutomationLogger - INFO - *************** Successfully opened Customer Menu ***************
17-Sep-25 07:38:17 - AutomationLogger - INFO - *************** Successfully search bye mailid ***************
17-Sep-25 07:38:37 - AutomationLogger - INFO - ************** Test_006_search Customer by name**************
17-Sep-25 07:38:41 - AutomationLogger - INFO - ************** Successfully logged in **************
17-Sep-25 07:38:43 - AutomationLogger - INFO - *************** Successfully opened Customer Menu ***************
17-Sep-25 08:47:36 - AutomationLogger - INFO - ************** Test_002_login **************
17-Sep-25 08:47:41 - AutomationLogger - INFO - **************** Login Successful **************
17-Sep-25 08:47:46 - AutomationLogger - INFO - **************** Login Failed **************
17-Sep-25 08:47:51 - AutomationLogger - INFO - **************** Login successful **************
17-Sep-25 08:47:54 - AutomationLogger - WARNING - Logout button not found, skipping logout.
17-Sep-25 08:47:55 - AutomationLogger - INFO - **************** Login successful **************
17-Sep-25 08:47:58 - AutomationLogger - WARNING - Logout button not found, skipping logout.
17-Sep-25 08:47:58 - AutomationLogger - INFO - **************** Login DDT IS SUCCESSFUL **************
17-Sep-25 08:48:00 - AutomationLogger - INFO - **************** end of ddt IS SUCCESSFUL **************
17-Sep-25 08:48:18 - AutomationLogger - INFO - ************** Test_001_homepage_title **************
17-Sep-25 08:48:18 - AutomationLogger - INFO - ************** Verifying homepage_title **************
17-Sep-25 08:48:19 - AutomationLogger - INFO - ************** Successfully logged in **************
17-Sep-25 08:48:23 - AutomationLogger - INFO - ************** Test_001_login **************
17-Sep-25 08:48:26 - AutomationLogger - INFO - **************** Successfully logged in **************
